<?xml version="1.0" encoding="UTF-8"?>
<!-- Generated by org.testng.reporters.JUnitReportReporter -->
<testsuite hostname="Arijeet" failures="0" tests="1" name="ninzaCRM.CampaignsTests.CreateCampaignTest" time="46.982" errors="0" timestamp="2025-06-27T20:13:17 IST" skipped="0">
  <testcase classname="ninzaCRM.CampaignsTests.CreateCampaignTest" name="createCampaign" time="46.982"/>
  <system-out/>
</testsuite> <!-- ninzaCRM.CampaignsTests.CreateCampaignTest -->
