<?xml version="1.0" encoding="UTF-8"?>
<!-- Generated by org.testng.reporters.JUnitReportReporter -->
<testsuite hostname="Arijeet" failures="0" tests="1" name="ninzaCRM.ContactsTests.CreateContactTest" time="49.671" errors="0" timestamp="2025-06-21T20:38:45 IST" skipped="0">
  <testcase classname="ninzaCRM.ContactsTests.CreateContactTest" name="createContact" time="49.671"/>
  <system-out/>
</testsuite> <!-- ninzaCRM.ContactsTests.CreateContactTest -->
